# JRE version: Java(TM) SE Runtime Environment (7.0_40-b43) (build 1.7.0_40-b43)
# Java VM: Java HotSpot(TM) 64-Bit Server VM (24.0-b56 mixed mode windows-amd64 compressed oops)
Heap
 PSYoungGen      total 999424K, used 64480K [0x00000007aaf00000, 0x0000000800000000, 0x0000000800000000)
  eden space 934912K, 0% used [0x00000007aaf00000,0x00000007aaf00000,0x00000007e4000000)
  from space 64512K, 99% used [0x00000007efb00000,0x00000007f39f8040,0x00000007f3a00000)
  to   space 191488K, 0% used [0x00000007e4000000,0x00000007e4000000,0x00000007efb00000)
 ParOldGen       total 439296K, used 438329K [0x0000000700e00000, 0x000000071bb00000, 0x00000007aaf00000)
  object space 439296K, 99% used [0x0000000700e00000,0x000000071ba0e7e0,0x000000071bb00000)
 PSPermGen       total 21504K, used 20178K [0x00000006fbc00000, 0x00000006fd100000, 0x0000000700e00000)
  object space 21504K, 93% used [0x00000006fbc00000,0x00000006fcfb4b88,0x00000006fd100000)
GC Heap History (10 events):
Event: 15.103 GC heap after
Heap after GC invocations=10 (full 0):
 PSYoungGen      total 435200K, used 12896K [0x00000007aaf00000, 0x00000007c6c00000, 0x0000000800000000)
  eden space 417792K, 0% used [0x00000007aaf00000,0x00000007aaf00000,0x00000007c4700000)
  from space 17408K, 74% used [0x00000007c5900000,0x00000007c65981a0,0x00000007c6a00000)
  to   space 18432K, 0% used [0x00000007c4700000,0x00000007c4700000,0x00000007c5900000)
 ParOldGen       total 174080K, used 19117K [0x0000000700e00000, 0x000000070b800000, 0x00000007aaf00000)
  object space 174080K, 10% used [0x0000000700e00000,0x00000007020ab528,0x000000070b800000)
 PSPermGen       total 21504K, used 19573K [0x00000006fbc00000, 0x00000006fd100000, 0x0000000700e00000)
  object space 21504K, 91% used [0x00000006fbc00000,0x00000006fcf1d720,0x00000006fd100000)
}
Event: 16.377 GC heap before
{Heap before GC invocations=11 (full 0):
 PSYoungGen      total 435200K, used 430688K [0x00000007aaf00000, 0x00000007c6c00000, 0x0000000800000000)
  eden space 417792K, 100% used [0x00000007aaf00000,0x00000007c4700000,0x00000007c4700000)
  from space 17408K, 74% used [0x00000007c5900000,0x00000007c65981a0,0x00000007c6a00000)
  to   space 18432K, 0% used [0x00000007c4700000,0x00000007c4700000,0x00000007c5900000)
 ParOldGen       total 174080K, used 19117K [0x0000000700e00000, 0x000000070b800000, 0x00000007aaf00000)
  object space 174080K, 10% used [0x0000000700e00000,0x00000007020ab528,0x000000070b800000)
 PSPermGen       total 21504K, used 19624K [0x00000006fbc00000, 0x00000006fd100000, 0x0000000700e00000)
  object space 21504K, 91% used [0x00000006fbc00000,0x00000006fcf2a270,0x00000006fd100000)
Event: 16.387 GC heap after
Heap after GC invocations=11 (full 0):
 PSYoungGen      total 436224K, used 18400K [0x00000007aaf00000, 0x00000007d7900000, 0x0000000800000000)
  eden space 417792K, 0% used [0x00000007aaf00000,0x00000007aaf00000,0x00000007c4700000)
  from space 18432K, 99% used [0x00000007c4700000,0x00000007c58f82d0,0x00000007c5900000)
  to   space 31232K, 0% used [0x00000007d5a80000,0x00000007d5a80000,0x00000007d7900000)
 ParOldGen       total 174080K, used 47358K [0x0000000700e00000, 0x000000070b800000, 0x00000007aaf00000)
  object space 174080K, 27% used [0x0000000700e00000,0x0000000703c3f8d8,0x000000070b800000)
 PSPermGen       total 21504K, used 19624K [0x00000006fbc00000, 0x00000006fd100000, 0x0000000700e00000)
  object space 21504K, 91% used [0x00000006fbc00000,0x00000006fcf2a270,0x00000006fd100000)
}
Event: 17.397 GC heap before
{Heap before GC invocations=12 (full 0):
 PSYoungGen      total 436224K, used 436192K [0x00000007aaf00000, 0x00000007d7900000, 0x0000000800000000)
  eden space 417792K, 100% used [0x00000007aaf00000,0x00000007c4700000,0x00000007c4700000)
  from space 18432K, 99% used [0x00000007c4700000,0x00000007c58f82d0,0x00000007c5900000)
  to   space 31232K, 0% used [0x00000007d5a80000,0x00000007d5a80000,0x00000007d7900000)
 ParOldGen       total 174080K, used 47358K [0x0000000700e00000, 0x000000070b800000, 0x00000007aaf00000)
  object space 174080K, 27% used [0x0000000700e00000,0x0000000703c3f8d8,0x000000070b800000)
 PSPermGen       total 21504K, used 19786K [0x00000006fbc00000, 0x00000006fd100000, 0x0000000700e00000)
  object space 21504K, 92% used [0x00000006fbc00000,0x00000006fcf52988,0x00000006fd100000)
Event: 17.408 GC heap after
Heap after GC invocations=12 (full 0):
 PSYoungGen      total 694784K, used 31201K [0x00000007aaf00000, 0x00000007d8300000, 0x0000000800000000)
  eden space 663552K, 0% used [0x00000007aaf00000,0x00000007aaf00000,0x00000007d3700000)
  from space 31232K, 99% used [0x00000007d5a80000,0x00000007d78f85d0,0x00000007d7900000)
  to   space 36352K, 0% used [0x00000007d3700000,0x00000007d3700000,0x00000007d5a80000)
 ParOldGen       total 174080K, used 65454K [0x0000000700e00000, 0x000000070b800000, 0x00000007aaf00000)
  object space 174080K, 37% used [0x0000000700e00000,0x0000000704debbf8,0x000000070b800000)
 PSPermGen       total 21504K, used 19786K [0x00000006fbc00000, 0x00000006fd100000, 0x0000000700e00000)
  object space 21504K, 92% used [0x00000006fbc00000,0x00000006fcf52988,0x00000006fd100000)
}
Event: 53.707 GC heap before
{Heap before GC invocations=13 (full 0):
 PSYoungGen      total 694784K, used 694753K [0x00000007aaf00000, 0x00000007d8300000, 0x0000000800000000)
  eden space 663552K, 100% used [0x00000007aaf00000,0x00000007d3700000,0x00000007d3700000)
  from space 31232K, 99% used [0x00000007d5a80000,0x00000007d78f85d0,0x00000007d7900000)
  to   space 36352K, 0% used [0x00000007d3700000,0x00000007d3700000,0x00000007d5a80000)
 ParOldGen       total 174080K, used 65454K [0x0000000700e00000, 0x000000070b800000, 0x00000007aaf00000)
  object space 174080K, 37% used [0x0000000700e00000,0x0000000704debbf8,0x000000070b800000)
 PSPermGen       total 21504K, used 20134K [0x00000006fbc00000, 0x00000006fd100000, 0x0000000700e00000)
  object space 21504K, 93% used [0x00000006fbc00000,0x00000006fcfa9a80,0x00000006fd100000)
Event: 53.772 GC heap after
Heap after GC invocations=13 (full 0):
 PSYoungGen      total 699904K, used 36336K [0x00000007aaf00000, 0x00000007f3a00000, 0x0000000800000000)
  eden space 663552K, 0% used [0x00000007aaf00000,0x00000007aaf00000,0x00000007d3700000)
  from space 36352K, 99% used [0x00000007d3700000,0x00000007d5a7c170,0x00000007d5a80000)
  to   space 64512K, 0% used [0x00000007efb00000,0x00000007efb00000,0x00000007f3a00000)
 ParOldGen       total 174080K, used 125087K [0x0000000700e00000, 0x000000070b800000, 0x00000007aaf00000)
  object space 174080K, 71% used [0x0000000700e00000,0x0000000708827c98,0x000000070b800000)
 PSPermGen       total 21504K, used 20134K [0x00000006fbc00000, 0x00000006fd100000, 0x0000000700e00000)
  object space 21504K, 93% used [0x00000006fbc00000,0x00000006fcfa9a80,0x00000006fd100000)
}
Event: 71.719 GC heap before
{Heap before GC invocations=14 (full 0):
 PSYoungGen      total 699904K, used 699888K [0x00000007aaf00000, 0x00000007f3a00000, 0x0000000800000000)
  eden space 663552K, 100% used [0x00000007aaf00000,0x00000007d3700000,0x00000007d3700000)
  from space 36352K, 99% used [0x00000007d3700000,0x00000007d5a7c170,0x00000007d5a80000)
  to   space 64512K, 0% used [0x00000007efb00000,0x00000007efb00000,0x00000007f3a00000)
 ParOldGen       total 174080K, used 125087K [0x0000000700e00000, 0x000000070b800000, 0x00000007aaf00000)
  object space 174080K, 71% used [0x0000000700e00000,0x0000000708827c98,0x000000070b800000)
 PSPermGen       total 21504K, used 20178K [0x00000006fbc00000, 0x00000006fd100000, 0x0000000700e00000)
  object space 21504K, 93% used [0x00000006fbc00000,0x00000006fcfb4b88,0x00000006fd100000)
Event: 71.978 GC heap after
Heap after GC invocations=14 (full 0):
 PSYoungGen      total 999424K, used 64480K [0x00000007aaf00000, 0x0000000800000000, 0x0000000800000000)
  eden space 934912K, 0% used [0x00000007aaf00000,0x00000007aaf00000,0x00000007e4000000)
  from space 64512K, 99% used [0x00000007efb00000,0x00000007f39f8040,0x00000007f3a00000)
  to   space 191488K, 0% used [0x00000007e4000000,0x00000007e4000000,0x00000007efb00000)
 ParOldGen       total 439296K, used 438329K [0x0000000700e00000, 0x000000071bb00000, 0x00000007aaf00000)
  object space 439296K, 99% used [0x0000000700e00000,0x000000071ba0e7e0,0x000000071bb00000)
 PSPermGen       total 21504K, used 20178K [0x00000006fbc00000, 0x00000006fd100000, 0x0000000700e00000)
  object space 21504K, 93% used [0x00000006fbc00000,0x00000006fcfb4b88,0x00000006fd100000)
}
Event: 71.978 GC heap before
{Heap before GC invocations=15 (full 1):
 PSYoungGen      total 999424K, used 64480K [0x00000007aaf00000, 0x0000000800000000, 0x0000000800000000)
  eden space 934912K, 0% used [0x00000007aaf00000,0x00000007aaf00000,0x00000007e4000000)
  from space 64512K, 99% used [0x00000007efb00000,0x00000007f39f8040,0x00000007f3a00000)
  to   space 191488K, 0% used [0x00000007e4000000,0x00000007e4000000,0x00000007efb00000)
 ParOldGen       total 439296K, used 438329K [0x0000000700e00000, 0x000000071bb00000, 0x00000007aaf00000)
  object space 439296K, 99% used [0x0000000700e00000,0x000000071ba0e7e0,0x000000071bb00000)
 PSPermGen       total 21504K, used 20178K [0x00000006fbc00000, 0x00000006fd100000, 0x0000000700e00000)
  object space 21504K, 93% used [0x00000006fbc00000,0x00000006fcfb4b88,0x00000006fd100000)

